{"name": "test_all[BIRTHDAY]", "status": "failed", "statusDetails": {"message": "AssertionError: assert '1999-07-04' == ('07', '04', '1999')", "trace": "app = <application.SeleniumTestBase object at 0x03A27530>\nget_to_user_profile = None, field = 'BIRTHDAY'\n\n    @allure.feature('Login all users')\n    @pytest.mark.parametrize('field', entry)\n    def test_all(app, get_to_user_profile, field):\n        with allure.step('Click log in'):\n            valid_entry = app.user_profile_page.enter_data_textbox(field, entry[field])\n            app.user_profile_page.click_update_profile()\n            read = app.user_profile_page.read_data_textbox(field)\n            assert valid_entry\n>           assert read == entry[field]\nE           AssertionError: assert '1999-07-04' == ('07', '04', '1999')\n\ntest_user_profile_positive.py:14: AssertionError"}, "steps": [{"name": "Click log in", "status": "failed", "statusDetails": {"message": "AssertionError: assert '1999-07-04' == ('07', '04', '1999')\n", "trace": "  File \"C:\\Users\\DimaNotebook\\Google_Drive\\SoftServe\\AutomationQC\\Selenium\\PyTest\\Task_tests\\tests\\test_user_profile_positive.py\", line 14, in test_all\n    assert read == entry[field]\n"}, "start": 1565818285657, "stop": 1565818291424}], "parameters": [{"name": "field", "value": "'BIRTHDAY'"}], "start": 1565818285656, "stop": 1565818291425, "uuid": "2a405b19-5e00-46ba-8ecd-7d516c125a1e", "historyId": "e6195708ffd32e44a09b5dfa550a6c2f", "fullName": "tests.test_user_profile_positive#test_all[BIRTHDAY]", "labels": [{"name": "feature", "value": "Login all users"}, {"name": "parentSuite", "value": "tests"}, {"name": "suite", "value": "test_user_profile_positive"}, {"name": "subSuite"}, {"name": "host", "value": "DimaNotebook-PC"}, {"name": "thread", "value": "6668-MainThread"}, {"name": "framework", "value": "pytest"}, {"name": "language", "value": "cpython3"}, {"name": "package", "value": "tests.test_user_profile_positive"}]}