{"name": "test_all[FIRST_NAME]", "status": "broken", "statusDetails": {"message": "Exception: Time out to find element", "trace": "app = <application.SeleniumTestBase object at 0x02D6A910>\n\n    @pytest.fixture(scope='function')\n    def get_to_user_profile(app):\n        app.header.select_option('Log in')\n        app.sign_in_page.login('USER')\n>       app.header.select_option('Profile')\n\n..\\conftest.py:29: \n_ _ _ _ _ _ _ _ _ _ _ _ _ _ _ _ _ _ _ _ _ _ _ _ _ _ _ _ _ _ _ _ _ _ _ _ _ _ _ _\n..\\pages\\header.py:45: in select_option\n    self.browser.click_element_by_text(self.locators.DROPDOWN, pick_item)\n..\\driver_wrapper.py:39: in click_element_by_text\n    element = self.wait_element_with_text(locator, text_value, timeout=10)\n_ _ _ _ _ _ _ _ _ _ _ _ _ _ _ _ _ _ _ _ _ _ _ _ _ _ _ _ _ _ _ _ _ _ _ _ _ _ _ _\n\nself = <driver_wrapper.DriverWrapper object at 0x0300D5B0>\nlocator = ('css selector', \"a[class='dropdown-item']\"), text = 'Profile'\ntimeout = 10\n\n    def wait_element_with_text(self, locator, text, timeout=10):\n        \"\"\" Wait while element with certain text appears \"\"\"\n        end = time.time() + timeout\n    \n        while time.time() < end:\n            elements = self.get_elements(locator)\n            for element in elements:\n                try:\n                    if element.text == text:\n                        return element\n                except:\n                    pass\n        print('====data:', locator, text)\n>       raise Exception(\"Time out to find element\")\nE       Exception: Time out to find element\n\n..\\driver_wrapper.py:141: Exception"}, "attachments": [{"name": "stdout", "source": "9e837309-8417-4816-bead-4aee2b3f9633-attachment.txt", "type": "text/plain"}], "parameters": [{"name": "field", "value": "'FIRST_NAME'"}], "start": 1565818225058, "stop": 1565818225058, "uuid": "bf87310e-b137-4939-ad80-e29bc106887e", "historyId": "0f5a2c191d8b4bff0ebe8fcc31c10228", "fullName": "tests.test_user_profile_positive#test_all[FIRST_NAME]", "labels": [{"name": "feature", "value": "Login all users"}, {"name": "parentSuite", "value": "tests"}, {"name": "suite", "value": "test_user_profile_positive"}, {"name": "subSuite"}, {"name": "host", "value": "DimaNotebook-PC"}, {"name": "thread", "value": "6668-MainThread"}, {"name": "framework", "value": "pytest"}, {"name": "language", "value": "cpython3"}, {"name": "package", "value": "tests.test_user_profile_positive"}]}