{
  "uid" : "304ea756308d9b9d",
  "name" : "test_send_resume",
  "fullName" : "tests.test_send_resume#test_send_resume",
  "historyId" : "20af8b13da07d3f58854f4bddc5f0640",
  "time" : {
    "start" : 1565963200841,
    "stop" : 1565963233784,
    "duration" : 32943
  },
  "status" : "broken",
  "statusMessage" : "selenium.common.exceptions.TimeoutException: Message:",
  "statusTrace" : "app = <application.Application object at 0x000001EECB9AA5C8>\n\n    def test_send_resume(app):\n        app.header.select_option('Log in')\n        app.sign_in_page.login('USER')\n        app.header.go_to_allVacancies()\n        app.vacancies_page.click_viewDetails_button()\n        app.view_vacancy_page.click_sendResume_button()\n        app.preview_resume_page.click_sendEmail_button()\n>       msg = app.preview_resume_page.confirmation_message()\n\ntests\\test_send_resume.py:11: \n_ _ _ _ _ _ _ _ _ _ _ _ _ _ _ _ _ _ _ _ _ _ _ _ _ _ _ _ _ _ _ _ _ _ _ _ _ _ _ _\npages\\preview_resume_page.py:21: in confirmation_message\n    msg = self.browser.pop_up_element(self.locators.MESSAGE).text\nwrapper.py:120: in pop_up_element\n    WebDriverWait(self.driver, self.default_timeout).until(EC.visibility_of_element_located(locator))\n_ _ _ _ _ _ _ _ _ _ _ _ _ _ _ _ _ _ _ _ _ _ _ _ _ _ _ _ _ _ _ _ _ _ _ _ _ _ _ _\n\nself = <selenium.webdriver.support.wait.WebDriverWait (session=\"afc60e48fb64e9aa734ebc57bd1293a0\")>\nmethod = <selenium.webdriver.support.expected_conditions.visibility_of_element_located object at 0x000001EECB999C08>\nmessage = ''\n\n    def until(self, method, message=''):\n        \"\"\"Calls the method provided with the driver as an argument until the \\\n        return value is not False.\"\"\"\n        screen = None\n        stacktrace = None\n    \n        end_time = time.time() + self._timeout\n        while True:\n            try:\n                value = method(self._driver)\n                if value:\n                    return value\n            except self._ignored_exceptions as exc:\n                screen = getattr(exc, 'screen', None)\n                stacktrace = getattr(exc, 'stacktrace', None)\n            time.sleep(self._poll)\n            if time.time() > end_time:\n                break\n>       raise TimeoutException(message, screen, stacktrace)\nE       selenium.common.exceptions.TimeoutException: Message:\n\n..\\..\\..\\AppData\\Local\\Programs\\Python\\Python37\\lib\\site-packages\\selenium\\webdriver\\support\\wait.py:80: TimeoutException",
  "flaky" : false,
  "newFailed" : false,
  "beforeStages" : [ {
    "name" : "browser_init",
    "time" : {
      "start" : 1565963194444,
      "stop" : 1565963200841,
      "duration" : 6397
    },
    "status" : "passed",
    "steps" : [ ],
    "attachments" : [ ],
    "parameters" : [ ],
    "stepsCount" : 0,
    "hasContent" : false,
    "attachmentsCount" : 0,
    "shouldDisplayMessage" : false
  }, {
    "name" : "app",
    "time" : {
      "start" : 1565963200841,
      "stop" : 1565963200841,
      "duration" : 0
    },
    "status" : "passed",
    "steps" : [ ],
    "attachments" : [ ],
    "parameters" : [ ],
    "stepsCount" : 0,
    "hasContent" : false,
    "attachmentsCount" : 0,
    "shouldDisplayMessage" : false
  } ],
  "testStage" : {
    "status" : "broken",
    "statusMessage" : "selenium.common.exceptions.TimeoutException: Message:",
    "statusTrace" : "app = <application.Application object at 0x000001EECB9AA5C8>\n\n    def test_send_resume(app):\n        app.header.select_option('Log in')\n        app.sign_in_page.login('USER')\n        app.header.go_to_allVacancies()\n        app.vacancies_page.click_viewDetails_button()\n        app.view_vacancy_page.click_sendResume_button()\n        app.preview_resume_page.click_sendEmail_button()\n>       msg = app.preview_resume_page.confirmation_message()\n\ntests\\test_send_resume.py:11: \n_ _ _ _ _ _ _ _ _ _ _ _ _ _ _ _ _ _ _ _ _ _ _ _ _ _ _ _ _ _ _ _ _ _ _ _ _ _ _ _\npages\\preview_resume_page.py:21: in confirmation_message\n    msg = self.browser.pop_up_element(self.locators.MESSAGE).text\nwrapper.py:120: in pop_up_element\n    WebDriverWait(self.driver, self.default_timeout).until(EC.visibility_of_element_located(locator))\n_ _ _ _ _ _ _ _ _ _ _ _ _ _ _ _ _ _ _ _ _ _ _ _ _ _ _ _ _ _ _ _ _ _ _ _ _ _ _ _\n\nself = <selenium.webdriver.support.wait.WebDriverWait (session=\"afc60e48fb64e9aa734ebc57bd1293a0\")>\nmethod = <selenium.webdriver.support.expected_conditions.visibility_of_element_located object at 0x000001EECB999C08>\nmessage = ''\n\n    def until(self, method, message=''):\n        \"\"\"Calls the method provided with the driver as an argument until the \\\n        return value is not False.\"\"\"\n        screen = None\n        stacktrace = None\n    \n        end_time = time.time() + self._timeout\n        while True:\n            try:\n                value = method(self._driver)\n                if value:\n                    return value\n            except self._ignored_exceptions as exc:\n                screen = getattr(exc, 'screen', None)\n                stacktrace = getattr(exc, 'stacktrace', None)\n            time.sleep(self._poll)\n            if time.time() > end_time:\n                break\n>       raise TimeoutException(message, screen, stacktrace)\nE       selenium.common.exceptions.TimeoutException: Message:\n\n..\\..\\..\\AppData\\Local\\Programs\\Python\\Python37\\lib\\site-packages\\selenium\\webdriver\\support\\wait.py:80: TimeoutException",
    "steps" : [ ],
    "attachments" : [ {
      "uid" : "1795a71b547a340e",
      "name" : "stdout",
      "source" : "1795a71b547a340e.txt",
      "type" : "text/plain",
      "size" : 59
    } ],
    "parameters" : [ ],
    "stepsCount" : 0,
    "hasContent" : true,
    "attachmentsCount" : 1,
    "shouldDisplayMessage" : true
  },
  "afterStages" : [ {
    "name" : "app::0",
    "time" : {
      "start" : 1565963233853,
      "stop" : 1565963236003,
      "duration" : 2150
    },
    "status" : "passed",
    "steps" : [ ],
    "attachments" : [ ],
    "parameters" : [ ],
    "stepsCount" : 0,
    "hasContent" : false,
    "attachmentsCount" : 0,
    "shouldDisplayMessage" : false
  } ],
  "labels" : [ {
    "name" : "parentSuite",
    "value" : "tests"
  }, {
    "name" : "suite",
    "value" : "test_send_resume"
  }, {
    "name" : "subSuite"
  }, {
    "name" : "host",
    "value" : "CHCLASS02"
  }, {
    "name" : "thread",
    "value" : "4272-MainThread"
  }, {
    "name" : "framework",
    "value" : "pytest"
  }, {
    "name" : "language",
    "value" : "cpython3"
  }, {
    "name" : "package",
    "value" : "tests.test_send_resume"
  }, {
    "name" : "resultFormat",
    "value" : "allure2"
  } ],
  "parameters" : [ ],
  "links" : [ ],
  "hidden" : true,
  "retry" : true,
  "extra" : {
    "categories" : [ ],
    "tags" : [ ]
  },
  "source" : "304ea756308d9b9d.json",
  "parameterValues" : [ ]
}