{
  "uid" : "927c311a363aad42",
  "name" : "test_send_resume",
  "fullName" : "tests.test_send_resume#test_send_resume",
  "historyId" : "20af8b13da07d3f58854f4bddc5f0640",
  "time" : {
    "start" : 1566222065460,
    "stop" : 1566222098814,
    "duration" : 33354
  },
  "status" : "broken",
  "statusMessage" : "selenium.common.exceptions.TimeoutException: Message:",
  "statusTrace" : "app = <application.Application object at 0x0419F310>\n\n    def test_send_resume(app):\n        app.header.select_option('Log in')\n        app.sign_in_page.login('USER')\n        app.header.go_to_allVacancies()\n        app.vacancies_page.click_viewDetails_button()\n        app.view_vacancy_page.click_sendResume_button()\n        app.preview_resume_page.click_sendEmail_button()\n>       msg = app.preview_resume_page.confirmation_message()\n\ntests\\test_send_resume.py:11: \n_ _ _ _ _ _ _ _ _ _ _ _ _ _ _ _ _ _ _ _ _ _ _ _ _ _ _ _ _ _ _ _ _ _ _ _ _ _ _ _\npages\\preview_resume_page.py:21: in confirmation_message\n    msg = self.browser.pop_up_element(self.locators.MESSAGE).text\nwrapper.py:120: in pop_up_element\n    WebDriverWait(self.driver, self.default_timeout).until(EC.visibility_of_element_located(locator))\n_ _ _ _ _ _ _ _ _ _ _ _ _ _ _ _ _ _ _ _ _ _ _ _ _ _ _ _ _ _ _ _ _ _ _ _ _ _ _ _\n\nself = <selenium.webdriver.support.wait.WebDriverWait (session=\"173e9c9391c8d8551d5d14610263799a\")>\nmethod = <selenium.webdriver.support.expected_conditions.visibility_of_element_located object at 0x04185330>\nmessage = ''\n\n    def until(self, method, message=''):\n        \"\"\"Calls the method provided with the driver as an argument until the \\\n        return value is not False.\"\"\"\n        screen = None\n        stacktrace = None\n    \n        end_time = time.time() + self._timeout\n        while True:\n            try:\n                value = method(self._driver)\n                if value:\n                    return value\n            except self._ignored_exceptions as exc:\n                screen = getattr(exc, 'screen', None)\n                stacktrace = getattr(exc, 'stacktrace', None)\n            time.sleep(self._poll)\n            if time.time() > end_time:\n                break\n>       raise TimeoutException(message, screen, stacktrace)\nE       selenium.common.exceptions.TimeoutException: Message:\n\n..\\..\\..\\AppData\\Local\\Programs\\Python\\Python37-32\\lib\\site-packages\\selenium\\webdriver\\support\\wait.py:80: TimeoutException",
  "flaky" : false,
  "newFailed" : false,
  "beforeStages" : [ {
    "name" : "browser_init",
    "time" : {
      "start" : 1566222059104,
      "stop" : 1566222065459,
      "duration" : 6355
    },
    "status" : "passed",
    "steps" : [ ],
    "attachments" : [ ],
    "parameters" : [ ],
    "shouldDisplayMessage" : false,
    "attachmentsCount" : 0,
    "stepsCount" : 0,
    "hasContent" : false
  }, {
    "name" : "app",
    "time" : {
      "start" : 1566222065459,
      "stop" : 1566222065460,
      "duration" : 1
    },
    "status" : "passed",
    "steps" : [ ],
    "attachments" : [ ],
    "parameters" : [ ],
    "shouldDisplayMessage" : false,
    "attachmentsCount" : 0,
    "stepsCount" : 0,
    "hasContent" : false
  } ],
  "testStage" : {
    "status" : "broken",
    "statusMessage" : "selenium.common.exceptions.TimeoutException: Message:",
    "statusTrace" : "app = <application.Application object at 0x0419F310>\n\n    def test_send_resume(app):\n        app.header.select_option('Log in')\n        app.sign_in_page.login('USER')\n        app.header.go_to_allVacancies()\n        app.vacancies_page.click_viewDetails_button()\n        app.view_vacancy_page.click_sendResume_button()\n        app.preview_resume_page.click_sendEmail_button()\n>       msg = app.preview_resume_page.confirmation_message()\n\ntests\\test_send_resume.py:11: \n_ _ _ _ _ _ _ _ _ _ _ _ _ _ _ _ _ _ _ _ _ _ _ _ _ _ _ _ _ _ _ _ _ _ _ _ _ _ _ _\npages\\preview_resume_page.py:21: in confirmation_message\n    msg = self.browser.pop_up_element(self.locators.MESSAGE).text\nwrapper.py:120: in pop_up_element\n    WebDriverWait(self.driver, self.default_timeout).until(EC.visibility_of_element_located(locator))\n_ _ _ _ _ _ _ _ _ _ _ _ _ _ _ _ _ _ _ _ _ _ _ _ _ _ _ _ _ _ _ _ _ _ _ _ _ _ _ _\n\nself = <selenium.webdriver.support.wait.WebDriverWait (session=\"173e9c9391c8d8551d5d14610263799a\")>\nmethod = <selenium.webdriver.support.expected_conditions.visibility_of_element_located object at 0x04185330>\nmessage = ''\n\n    def until(self, method, message=''):\n        \"\"\"Calls the method provided with the driver as an argument until the \\\n        return value is not False.\"\"\"\n        screen = None\n        stacktrace = None\n    \n        end_time = time.time() + self._timeout\n        while True:\n            try:\n                value = method(self._driver)\n                if value:\n                    return value\n            except self._ignored_exceptions as exc:\n                screen = getattr(exc, 'screen', None)\n                stacktrace = getattr(exc, 'stacktrace', None)\n            time.sleep(self._poll)\n            if time.time() > end_time:\n                break\n>       raise TimeoutException(message, screen, stacktrace)\nE       selenium.common.exceptions.TimeoutException: Message:\n\n..\\..\\..\\AppData\\Local\\Programs\\Python\\Python37-32\\lib\\site-packages\\selenium\\webdriver\\support\\wait.py:80: TimeoutException",
    "steps" : [ ],
    "attachments" : [ {
      "uid" : "2d111ec076af6b20",
      "name" : "stdout",
      "source" : "2d111ec076af6b20.txt",
      "type" : "text/plain",
      "size" : 59
    } ],
    "parameters" : [ ],
    "shouldDisplayMessage" : true,
    "attachmentsCount" : 1,
    "stepsCount" : 0,
    "hasContent" : true
  },
  "afterStages" : [ {
    "name" : "app::0",
    "time" : {
      "start" : 1566222098871,
      "stop" : 1566222100964,
      "duration" : 2093
    },
    "status" : "passed",
    "steps" : [ ],
    "attachments" : [ ],
    "parameters" : [ ],
    "shouldDisplayMessage" : false,
    "attachmentsCount" : 0,
    "stepsCount" : 0,
    "hasContent" : false
  } ],
  "labels" : [ {
    "name" : "parentSuite",
    "value" : "tests"
  }, {
    "name" : "suite",
    "value" : "test_send_resume"
  }, {
    "name" : "subSuite"
  }, {
    "name" : "host",
    "value" : "DESKTOP-Q2AH420"
  }, {
    "name" : "thread",
    "value" : "10972-MainThread"
  }, {
    "name" : "framework",
    "value" : "pytest"
  }, {
    "name" : "language",
    "value" : "cpython3"
  }, {
    "name" : "package",
    "value" : "tests.test_send_resume"
  }, {
    "name" : "resultFormat",
    "value" : "allure2"
  } ],
  "parameters" : [ ],
  "links" : [ ],
  "hidden" : false,
  "retry" : false,
  "extra" : {
    "severity" : "normal",
    "retries" : [ {
      "uid" : "55e5a1456b4b8848",
      "status" : "broken",
      "statusDetails" : "selenium.common.exceptions.TimeoutException: Message:",
      "time" : {
        "start" : 1565963016000,
        "stop" : 1565963049342,
        "duration" : 33342
      }
    }, {
      "uid" : "72937d3d24dea32b",
      "status" : "broken",
      "statusDetails" : "selenium.common.exceptions.TimeoutException: Message:",
      "time" : {
        "start" : 1565962585802,
        "stop" : 1565962619078,
        "duration" : 33276
      }
    } ],
    "categories" : [ {
      "name" : "Test defects",
      "matchedStatuses" : [ ],
      "flaky" : false
    } ],
    "history" : {
      "statistic" : {
        "failed" : 0,
        "broken" : 2,
        "skipped" : 0,
        "passed" : 0,
        "unknown" : 0,
        "total" : 2
      },
      "items" : [ {
        "uid" : "4a525ec1eef11ec8",
        "status" : "broken",
        "statusDetails" : "selenium.common.exceptions.TimeoutException: Message:",
        "time" : {
          "start" : 1565963016000,
          "stop" : 1565963049342,
          "duration" : 33342
        }
      } ]
    },
    "tags" : [ ]
  },
  "source" : "927c311a363aad42.json",
  "parameterValues" : [ ]
}